<?xml version="1.0" encoding="UTF-8"?>
<!-- Generated by org.testng.reporters.JUnitReportReporter -->
<testsuite hostname="GURU" failures="0" tests="1" name="payout.api.test.InternalTransfer_Test" time="1.869" errors="0" timestamp="2024-11-22T13:12:25 IST" skipped="0">
  <testcase classname="payout.api.test.InternalTransfer_Test" name="getInternalStatus" time="1.869"/>
  <system-out/>
</testsuite> <!-- payout.api.test.InternalTransfer_Test -->
