<?xml version="1.0" encoding="UTF-8"?>
<!-- Generated by org.testng.reporters.JUnitReportReporter -->
<testsuite hostname="GURU" failures="0" tests="1" name="van.api.test.SimpletVanCreation" time="51.996" errors="0" timestamp="2024-12-03T13:04:32 IST" skipped="0">
  <testcase classname="van.api.test.SimpletVanCreation" name="simpleVanCreation" time="51.996"/>
  <system-out/>
</testsuite> <!-- van.api.test.SimpletVanCreation -->
