<?xml version="1.0" encoding="UTF-8"?>
<!-- Generated by org.testng.reporters.JUnitReportReporter -->
<testsuite hostname="GURU" failures="0" tests="1" name="van.api.test.CasaTxmEnq" time="3.095" errors="0" timestamp="2024-12-03T17:59:37 IST" skipped="0">
  <testcase classname="van.api.test.CasaTxmEnq" name="casaTxnEnq" time="3.095"/>
  <system-out/>
</testsuite> <!-- van.api.test.CasaTxmEnq -->
