<?xml version="1.0" encoding="UTF-8"?>
<!-- Generated by org.testng.reporters.JUnitReportReporter -->
<testsuite hostname="GURU" failures="0" tests="1" name="api.canarabank.demon.StatementFetch_Daemon" time="2.755" errors="0" timestamp="2024-09-03T15:28:15 IST" skipped="0">
  <testcase classname="api.canarabank.demon.StatementFetch_Daemon" name="stm_fetch" time="2.755"/>
  <system-out/>
</testsuite> <!-- api.canarabank.demon.StatementFetch_Daemon -->
