<?xml version="1.0" encoding="UTF-8"?>
<!-- Generated by org.testng.reporters.JUnitReportReporter -->
<testsuite hostname="GURU" failures="0" tests="1" name="van.api.test.VanTransactionEnq" time="1.200" errors="0" timestamp="2024-12-04T15:46:37 IST" skipped="0">
  <testcase classname="van.api.test.VanTransactionEnq" name="vanTxnEnq" time="1.200"/>
  <system-out/>
</testsuite> <!-- van.api.test.VanTransactionEnq -->
