<?xml version="1.0" encoding="UTF-8"?>
<!-- Generated by org.testng.reporters.JUnitReportReporter -->
<testsuite hostname="GURU" failures="0" tests="1" name="van.api.test.VanAccNumReterieval" time="0.531" errors="0" timestamp="2024-12-03T13:05:59 IST" skipped="0">
  <testcase classname="van.api.test.VanAccNumReterieval" name="vanReterivalByCasa" time="0.531"/>
  <system-out/>
</testsuite> <!-- van.api.test.VanAccNumReterieval -->
