<?xml version="1.0" encoding="UTF-8"?>
<!-- Generated by org.testng.reporters.JUnitReportReporter -->
<testsuite hostname="GURU" failures="0" tests="1" name="payout.api.test.Imps_Test" time="4.899" errors="0" timestamp="2024-11-22T13:13:11 IST" skipped="0">
  <testcase classname="payout.api.test.Imps_Test" name="getImpsStatus" time="4.899"/>
  <system-out/>
</testsuite> <!-- payout.api.test.Imps_Test -->
