<?xml version="1.0" encoding="UTF-8"?>
<!-- Generated by org.testng.reporters.JUnitReportReporter -->
<testsuite hostname="GURU" failures="0" tests="1" name="upi.api.UpiAPI_UAT_Test" time="2.066" errors="0" timestamp="2024-11-26T10:34:18 IST" skipped="0">
  <testcase classname="upi.api.UpiAPI_UAT_Test" name="vpaVerification" time="2.066"/>
  <system-out/>
</testsuite> <!-- upi.api.UpiAPI_UAT_Test -->
