<?xml version="1.0" encoding="UTF-8"?>
<!-- Generated by org.testng.reporters.JUnitReportReporter -->
<testsuite hostname="GURU" failures="0" tests="1" name="payout.api.test.Account_stats" time="2.115" errors="0" timestamp="2024-12-03T17:06:02 IST" skipped="0">
  <testcase classname="payout.api.test.Account_stats" name="getAccStatement" time="2.115"/>
  <system-out/>
</testsuite> <!-- payout.api.test.Account_stats -->
