<?xml version="1.0" encoding="UTF-8"?>
<!-- Generated by org.testng.reporters.JUnitReportReporter -->
<testsuite hostname="GURU" failures="0" tests="1" name="payout.api.test.Neft_Test" time="2.443" errors="0" timestamp="2024-11-22T13:13:54 IST" skipped="0">
  <testcase classname="payout.api.test.Neft_Test" name="getNeftStatus" time="2.443"/>
  <system-out/>
</testsuite> <!-- payout.api.test.Neft_Test -->
