<?xml version="1.0" encoding="UTF-8"?>
<!-- Generated by org.testng.reporters.JUnitReportReporter -->
<testsuite hostname="GURU" failures="0" tests="1" name="api.canarabank.demon.Payout_Demon" time="17.551" errors="0" timestamp="2024-09-03T12:45:18 IST" skipped="0">
  <testcase classname="api.canarabank.demon.Payout_Demon" name="imps_internalPayout" time="17.551"/>
  <system-out/>
</testsuite> <!-- api.canarabank.demon.Payout_Demon -->
