<?xml version="1.0" encoding="UTF-8"?>
<!-- Generated by org.testng.reporters.JUnitReportReporter -->
<testsuite hostname="GURU" failures="0" tests="1" name="upi.api.UpiAPI_Test" time="0.555" errors="0" timestamp="2024-11-20T16:19:57 IST" skipped="0">
  <testcase classname="upi.api.UpiAPI_Test" name="vpaDeactivation" time="0.555"/>
  <system-out/>
</testsuite> <!-- upi.api.UpiAPI_Test -->
