<?xml version="1.0" encoding="UTF-8"?>
<!-- Generated by org.testng.reporters.JUnitReportReporter -->
<testsuite hostname="GURU" failures="0" tests="1" name="van.api.test.VanAccountNumEnq" time="0.577" errors="0" timestamp="2024-12-03T17:10:41 IST" skipped="0">
  <testcase classname="van.api.test.VanAccountNumEnq" name="vanEnquiry" time="0.577"/>
  <system-out/>
</testsuite> <!-- van.api.test.VanAccountNumEnq -->
