<?xml version="1.0" encoding="UTF-8"?>
<!-- Generated by org.testng.reporters.JUnitReportReporter -->
<testsuite hostname="GURU" failures="0" tests="1" name="van.api.test.CustomizeVanCreation" time="0.652" errors="0" timestamp="2024-12-03T16:12:15 IST" skipped="0">
  <testcase classname="van.api.test.CustomizeVanCreation" name="customVanCreation" time="0.652"/>
  <system-out/>
</testsuite> <!-- van.api.test.CustomizeVanCreation -->
